<?xml version="1.0" encoding="UTF-8"?>
<!-- Generated by org.testng.reporters.JUnitXMLReporter -->
<testsuite ignored="0" hostname="DESKTOP-1LI4ATB" failures="0" tests="1" name="TestOnFirefox" time="14.927" errors="0" timestamp="29 Sep 2020 21:09:05 GMT">
  <testcase classname="demo.TestNGMultiBrowserDemo" name="@BeforeTest setup" time="2.936">
    <failure type="org.openqa.selenium.SessionNotCreatedException" message="session not created: This version of ChromeDriver only supports Chrome version 86
Current browser version is 85.0.4183.121 with binary path C:\Program Files (x86)\Google\Chrome\Application\chrome.exe
Build info: version: &amp;apos;4.0.0-alpha-6&amp;apos;, revision: &amp;apos;5f43a29cfc&amp;apos;
System info: host: &amp;apos;DESKTOP-1LI4ATB&amp;apos;, ip: &amp;apos;192.168.56.1&amp;apos;, os.name: &amp;apos;Windows 10&amp;apos;, os.arch: &amp;apos;amd64&amp;apos;, os.version: &amp;apos;10.0&amp;apos;, java.version: &amp;apos;14.0.2&amp;apos;
Driver info: driver.version: ChromeDriver
remote stacktrace: Backtrace:
	Ordinal0 [0x00B6C013+3194899]
	Ordinal0 [0x00A56021+2056225]
	Ordinal0 [0x008EF608+587272]
	Ordinal0 [0x00871BF3+72691]
	Ordinal0 [0x0086E229+57897]
	Ordinal0 [0x0086C64A+50762]
	Ordinal0 [0x00891EE9+204521]
	Ordinal0 [0x00891D0D+204045]
	Ordinal0 [0x0088FC1B+195611]
	Ordinal0 [0x00873B7F+80767]
	Ordinal0 [0x00874B4E+84814]
	Ordinal0 [0x00874AD9+84697]
	Ordinal0 [0x00A6CE64+2149988]
	GetHandleVerifier [0x00CDBE95+1400773]
	GetHandleVerifier [0x00CDBB61+1399953]
	GetHandleVerifier [0x00CE31FA+1430314]
	GetHandleVerifier [0x00CDC69F+1402831]
	Ordinal0 [0x00A63D61+2112865]
	Ordinal0 [0x00A6E5CB+2155979]
	Ordinal0 [0x00A6E6F5+2156277]
	Ordinal0 [0x00A7F26E+2224750]
	BaseThreadInitThunk [0x75656359+25]
	RtlGetAppContainerNamedObjectPath [0x775E7C24+228]
	RtlGetAppContainerNamedObjectPath [0x775E7BF4+180]
">
      <![CDATA[org.openqa.selenium.SessionNotCreatedException: session not created: This version of ChromeDriver only supports Chrome version 86
Current browser version is 85.0.4183.121 with binary path C:\Program Files (x86)\Google\Chrome\Application\chrome.exe
Build info: version: '4.0.0-alpha-6', revision: '5f43a29cfc'
System info: host: 'DESKTOP-1LI4ATB', ip: '192.168.56.1', os.name: 'Windows 10', os.arch: 'amd64', os.version: '10.0', java.version: '14.0.2'
Driver info: driver.version: ChromeDriver
remote stacktrace: Backtrace:
Ordinal0 [0x00B6C013+3194899]
Ordinal0 [0x00A56021+2056225]
Ordinal0 [0x008EF608+587272]
Ordinal0 [0x00871BF3+72691]
Ordinal0 [0x0086E229+57897]
Ordinal0 [0x0086C64A+50762]
Ordinal0 [0x00891EE9+204521]
Ordinal0 [0x00891D0D+204045]
Ordinal0 [0x0088FC1B+195611]
Ordinal0 [0x00873B7F+80767]
Ordinal0 [0x00874B4E+84814]
Ordinal0 [0x00874AD9+84697]
Ordinal0 [0x00A6CE64+2149988]
GetHandleVerifier [0x00CDBE95+1400773]
GetHandleVerifier [0x00CDBB61+1399953]
GetHandleVerifier [0x00CE31FA+1430314]
GetHandleVerifier [0x00CDC69F+1402831]
Ordinal0 [0x00A63D61+2112865]
Ordinal0 [0x00A6E5CB+2155979]
Ordinal0 [0x00A6E6F5+2156277]
Ordinal0 [0x00A7F26E+2224750]
BaseThreadInitThunk [0x75656359+25]
RtlGetAppContainerNamedObjectPath [0x775E7C24+228]
RtlGetAppContainerNamedObjectPath [0x775E7BF4+180]

at org.openqa.selenium.remote.W3CHandshakeResponse.lambda$errorHandler$0(W3CHandshakeResponse.java:62)
at org.openqa.selenium.remote.HandshakeResponse.lambda$getResponseFunction$0(HandshakeResponse.java:30)
at org.openqa.selenium.remote.ProtocolHandshake.lambda$createSession$1(ProtocolHandshake.java:126)
at java.base/java.util.stream.ReferencePipeline$3$1.accept(Unknown Source)
at java.base/java.util.Spliterators$ArraySpliterator.tryAdvance(Unknown Source)
at java.base/java.util.stream.ReferencePipeline.forEachWithCancel(Unknown Source)
at java.base/java.util.stream.AbstractPipeline.copyIntoWithCancel(Unknown Source)
at java.base/java.util.stream.AbstractPipeline.copyInto(Unknown Source)
at java.base/java.util.stream.AbstractPipeline.wrapAndCopyInto(Unknown Source)
at java.base/java.util.stream.FindOps$FindOp.evaluateSequential(Unknown Source)
at java.base/java.util.stream.AbstractPipeline.evaluate(Unknown Source)
at java.base/java.util.stream.ReferencePipeline.findFirst(Unknown Source)
at org.openqa.selenium.remote.ProtocolHandshake.createSession(ProtocolHandshake.java:128)
at org.openqa.selenium.remote.ProtocolHandshake.createSession(ProtocolHandshake.java:75)
at org.openqa.selenium.remote.HttpCommandExecutor.execute(HttpCommandExecutor.java:138)
at org.openqa.selenium.remote.service.DriverCommandExecutor.execute(DriverCommandExecutor.java:83)
at org.openqa.selenium.remote.RemoteWebDriver.execute(RemoteWebDriver.java:582)
at org.openqa.selenium.remote.RemoteWebDriver.startSession(RemoteWebDriver.java:216)
at org.openqa.selenium.remote.RemoteWebDriver.<init>(RemoteWebDriver.java:136)
at org.openqa.selenium.chromium.ChromiumDriver.<init>(ChromiumDriver.java:75)
at org.openqa.selenium.chrome.ChromeDriver.<init>(ChromeDriver.java:163)
at org.openqa.selenium.chrome.ChromeDriver.<init>(ChromeDriver.java:150)
at org.openqa.selenium.chrome.ChromeDriver.<init>(ChromeDriver.java:105)
at demo.TestNGMultiBrowserDemo.setup(TestNGMultiBrowserDemo.java:30)
at java.base/java.util.concurrent.FutureTask.run(Unknown Source)
at java.base/java.util.concurrent.ThreadPoolExecutor.runWorker(Unknown Source)
at java.base/java.util.concurrent.ThreadPoolExecutor$Worker.run(Unknown Source)
at java.base/java.lang.Thread.run(Unknown Source)
... Removed 20 stack frames]]>
    </failure>
  </testcase> <!-- @BeforeTest setup -->
  <testcase classname="demo.TestNGMultiBrowserDemo" name="@AfterTest teardown" time="0.0">
    <skipped/>
  </testcase> <!-- @AfterTest teardown -->
  <testcase classname="demo.TestNGMultiBrowserDemo" name="@AfterTest teardown" time="1.852">
    <failure type="org.openqa.selenium.NoSuchSessionException" message="Session ID is null. Using WebDriver after calling quit()?
Build info: version: &amp;apos;4.0.0-alpha-6&amp;apos;, revision: &amp;apos;5f43a29cfc&amp;apos;
System info: host: &amp;apos;DESKTOP-1LI4ATB&amp;apos;, ip: &amp;apos;192.168.56.1&amp;apos;, os.name: &amp;apos;Windows 10&amp;apos;, os.arch: &amp;apos;amd64&amp;apos;, os.version: &amp;apos;10.0&amp;apos;, java.version: &amp;apos;14.0.2&amp;apos;
Driver info: driver.version: RemoteWebDriver">
      <![CDATA[org.openqa.selenium.NoSuchSessionException: Session ID is null. Using WebDriver after calling quit()?
Build info: version: '4.0.0-alpha-6', revision: '5f43a29cfc'
System info: host: 'DESKTOP-1LI4ATB', ip: '192.168.56.1', os.name: 'Windows 10', os.arch: 'amd64', os.version: '10.0', java.version: '14.0.2'
Driver info: driver.version: RemoteWebDriver
at org.openqa.selenium.remote.HttpCommandExecutor.execute(HttpCommandExecutor.java:127)
at org.openqa.selenium.remote.service.DriverCommandExecutor.execute(DriverCommandExecutor.java:83)
at org.openqa.selenium.remote.RemoteWebDriver.execute(RemoteWebDriver.java:582)
at org.openqa.selenium.remote.RemoteWebDriver.execute(RemoteWebDriver.java:639)
at org.openqa.selenium.remote.RemoteWebDriver.execute(RemoteWebDriver.java:643)
at org.openqa.selenium.remote.RemoteWebDriver.close(RemoteWebDriver.java:468)
at demo.TestNGMultiBrowserDemo.teardown(TestNGMultiBrowserDemo.java:61)
at java.base/java.util.concurrent.FutureTask.run(Unknown Source)
at java.base/java.util.concurrent.ThreadPoolExecutor.runWorker(Unknown Source)
at java.base/java.util.concurrent.ThreadPoolExecutor$Worker.run(Unknown Source)
at java.base/java.lang.Thread.run(Unknown Source)
... Removed 15 stack frames]]>
    </failure>
  </testcase> <!-- @AfterTest teardown -->
  <testcase classname="demo.TestNGMultiBrowserDemo" name="test1" time="6.973"/>
</testsuite> <!-- TestOnFirefox -->
